  [1m[35m (1739.5ms)[0m  [1m[35mCREATE DATABASE "basic_app" ENCODING = 'utf8'[0m
  [1m[35m (230.0ms)[0m  [1m[35mCREATE TABLE "schema_migrations" ("version" character varying NOT NULL PRIMARY KEY)[0m
  [1m[35m (89.0ms)[0m  [1m[35mCREATE TABLE "ar_internal_metadata" ("key" character varying NOT NULL PRIMARY KEY, "value" character varying, "created_at" timestamp(6) NOT NULL, "updated_at" timestamp(6) NOT NULL)[0m
  [1m[35m (0.1ms)[0m  [1m[34mSELECT pg_try_advisory_lock(50223152768498325)[0m
  [1m[35m (0.2ms)[0m  [1m[34mSELECT "schema_migrations"."version" FROM "schema_migrations" ORDER BY "schema_migrations"."version" ASC[0m
Migrating to DeviseCreateUsers (20211205094527)
  [1m[36mTRANSACTION (0.1ms)[0m  [1m[35mBEGIN[0m
  [1m[35m (67.3ms)[0m  [1m[35mCREATE TABLE "users" ("id" bigserial primary key, "email" character varying DEFAULT '' NOT NULL, "encrypted_password" character varying DEFAULT '' NOT NULL, "reset_password_token" character varying, "reset_password_sent_at" timestamp, "remember_created_at" timestamp, "created_at" timestamp(6) NOT NULL, "updated_at" timestamp(6) NOT NULL)[0m
  [1m[35m (48.1ms)[0m  [1m[35mCREATE UNIQUE INDEX "index_users_on_email" ON "users" ("email")[0m
  [1m[35m (31.6ms)[0m  [1m[35mCREATE UNIQUE INDEX "index_users_on_reset_password_token" ON "users" ("reset_password_token")[0m
  [1m[36mActiveRecord::SchemaMigration Create (1.0ms)[0m  [1m[32mINSERT INTO "schema_migrations" ("version") VALUES ($1) RETURNING "version"[0m  [["version", "20211205094527"]]
  [1m[36mTRANSACTION (12.9ms)[0m  [1m[35mCOMMIT[0m
  [1m[36mActiveRecord::InternalMetadata Load (0.3ms)[0m  [1m[34mSELECT "ar_internal_metadata".* FROM "ar_internal_metadata" WHERE "ar_internal_metadata"."key" = $1 LIMIT $2[0m  [["key", "environment"], ["LIMIT", 1]]
  [1m[36mTRANSACTION (0.2ms)[0m  [1m[35mBEGIN[0m
  [1m[36mActiveRecord::InternalMetadata Create (0.5ms)[0m  [1m[32mINSERT INTO "ar_internal_metadata" ("key", "value", "created_at", "updated_at") VALUES ($1, $2, $3, $4) RETURNING "key"[0m  [["key", "environment"], ["value", "development"], ["created_at", "2021-12-05 09:45:33.093171"], ["updated_at", "2021-12-05 09:45:33.093171"]]
  [1m[36mTRANSACTION (80.8ms)[0m  [1m[35mCOMMIT[0m
  [1m[35m (0.7ms)[0m  [1m[34mSELECT pg_advisory_unlock(50223152768498325)[0m
  [1m[35m (1.5ms)[0m  [1m[34mSELECT "schema_migrations"."version" FROM "schema_migrations" ORDER BY "schema_migrations"."version" ASC[0m
Started GET "/" for ::1 at 2021-12-05 15:15:44 +0530
  [1m[35m (0.5ms)[0m  [1m[34mSELECT "schema_migrations"."version" FROM "schema_migrations" ORDER BY "schema_migrations"."version" ASC[0m
Processing by Rails::WelcomeController#index as HTML
  Rendering /home/lotvue29/.rvm/gems/ruby-3.0.0/gems/railties-6.1.4.1/lib/rails/templates/rails/welcome/index.html.erb
  Rendered /home/lotvue29/.rvm/gems/ruby-3.0.0/gems/railties-6.1.4.1/lib/rails/templates/rails/welcome/index.html.erb (Duration: 3.2ms | Allocations: 517)
Completed 200 OK in 11ms (Views: 5.1ms | ActiveRecord: 0.0ms | Allocations: 4182)


Started GET "/users/sign_in" for ::1 at 2021-12-05 15:15:49 +0530
Processing by Devise::SessionsController#new as HTML
  Rendering layout layouts/application.html.erb
  Rendering devise/sessions/new.html.erb within layouts/application
  Rendered devise/shared/_links.html.erb (Duration: 0.7ms | Allocations: 632)
  Rendered devise/sessions/new.html.erb within layouts/application (Duration: 9.4ms | Allocations: 8418)
[Webpacker] Compiling...
[Webpacker] Compiled all packs in /home/lotvue29/projects/basic_app/public/packs
[Webpacker] Hash: e2a8a876c5815bee1e21
Version: webpack 4.46.0
Time: 893ms
Built at: 05/12/2021 3:15:52 pm
                                     Asset       Size       Chunks                         Chunk Names
    js/application-e421b4aa3f716bebdab1.js    125 KiB  application  [emitted] [immutable]  application
js/application-e421b4aa3f716bebdab1.js.map    139 KiB  application  [emitted] [dev]        application
                             manifest.json  364 bytes               [emitted]              
Entrypoint application = js/application-e421b4aa3f716bebdab1.js js/application-e421b4aa3f716bebdab1.js.map
[./app/javascript/channels sync recursive _channel\.js$] ./app/javascript/channels sync _channel\.js$ 160 bytes {application} [built]
[./app/javascript/channels/index.js] 211 bytes {application} [built]
[./app/javascript/packs/application.js] 492 bytes {application} [built]
[./node_modules/webpack/buildin/module.js] (webpack)/buildin/module.js 552 bytes {application} [built]
    + 3 hidden modules

  Rendered layout layouts/application.html.erb (Duration: 2747.5ms | Allocations: 19201)
Completed 200 OK in 2759ms (Views: 2749.1ms | ActiveRecord: 2.6ms | Allocations: 27057)


Started GET "/users/sign_in" for ::1 at 2021-12-05 16:43:53 +0530
  [1m[35m (0.5ms)[0m  [1m[34mSELECT "schema_migrations"."version" FROM "schema_migrations" ORDER BY "schema_migrations"."version" ASC[0m
Processing by Devise::SessionsController#new as HTML
  Rendering layout layouts/application.html.erb
  Rendering devise/sessions/new.html.erb within layouts/application
  Rendered devise/shared/_links.html.erb (Duration: 0.6ms | Allocations: 648)
  Rendered devise/sessions/new.html.erb within layouts/application (Duration: 4.1ms | Allocations: 5078)
[Webpacker] Compiling...
Started GET "/users/sign_in" for ::1 at 2021-12-05 16:43:55 +0530
Processing by Devise::SessionsController#new as HTML
  Rendering layout layouts/application.html.erb
  Rendering devise/sessions/new.html.erb within layouts/application
  Rendered devise/shared/_links.html.erb (Duration: 0.2ms | Allocations: 153)
  Rendered devise/sessions/new.html.erb within layouts/application (Duration: 1.2ms | Allocations: 1009)
[Webpacker] Compiling...
[Webpacker] Compilation failed:
Hash: abd1962dafdefb4e2dd5
Version: webpack 4.46.0
Time: 4854ms
Built at: 05/12/2021 4:43:59 pm
                                     Asset       Size       Chunks                         Chunk Names
    js/application-eccb55a02fd4c35b3318.js   1.03 MiB  application  [emitted] [immutable]  application
js/application-eccb55a02fd4c35b3318.js.map    1.1 MiB  application  [emitted] [dev]        application
                             manifest.json  364 bytes               [emitted]              
Entrypoint application = js/application-eccb55a02fd4c35b3318.js js/application-eccb55a02fd4c35b3318.js.map
[./app/javascript/channels sync recursive _channel\.js$] ./app/javascript/channels sync _channel\.js$ 160 bytes {application} [built]
[./app/javascript/channels/index.js] 211 bytes {application} [built]
[./app/javascript/packs/application.js] 733 bytes {application} [built]
[./app/javascript/stylesheets/application.scss] 664 bytes {application} [built]
[./node_modules/css-loader/dist/cjs.js?!./node_modules/postcss-loader/src/index.js?!./node_modules/sass-loader/dist/cjs.js?!./app/javascript/stylesheets/application.scss] ./node_modules/css-loader/dist/cjs.js??ref--6-1!./node_modules/postcss-loader/src??ref--6-2!./node_modules/sass-loader/dist/cjs.js??ref--6-3!./app/javascript/stylesheets/application.scss 743 KiB {application} [built]
[./node_modules/webpack/buildin/module.js] (webpack)/buildin/module.js 552 bytes {application} [built]
    + 6 hidden modules

ERROR in ./node_modules/bootstrap/dist/js/bootstrap.esm.js
Module not found: Error: Can't resolve '@popperjs/core' in '/home/lotvue29/projects/basic_app/node_modules/bootstrap/dist/js'
 @ ./node_modules/bootstrap/dist/js/bootstrap.esm.js 60:0-41 2356:17-23 2375:21-40 4029:15-21 4164:23-42
 @ ./app/javascript/packs/application.js

ERROR in ./app/javascript/packs/application.js
Module not found: Error: Can't resolve 'expose-loader' in '/home/lotvue29/projects/basic_app/app/javascript/packs'
 @ ./app/javascript/packs/application.js 14:0-33

ERROR in ./app/javascript/packs/application.js
Module not found: Error: Can't resolve 'expose-loader' in '/home/lotvue29/projects/basic_app/app/javascript/packs'
 @ ./app/javascript/packs/application.js 16:0-38

ERROR in ./app/javascript/packs/application.js
Module not found: Error: Can't resolve 'expose-loader' in '/home/lotvue29/projects/basic_app/app/javascript/packs'
 @ ./app/javascript/packs/application.js 18:0-41

  Rendered layout layouts/application.html.erb (Duration: 6139.4ms | Allocations: 17675)
Completed 200 OK in 6152ms (Views: 6141.4ms | ActiveRecord: 2.5ms | Allocations: 26609)


[Webpacker] Compilation failed:
Hash: abd1962dafdefb4e2dd5
Version: webpack 4.46.0
Time: 4135ms
Built at: 05/12/2021 4:44:01 pm
                                     Asset       Size       Chunks                         Chunk Names
    js/application-eccb55a02fd4c35b3318.js   1.03 MiB  application  [emitted] [immutable]  application
js/application-eccb55a02fd4c35b3318.js.map    1.1 MiB  application  [emitted] [dev]        application
                             manifest.json  364 bytes               [emitted]              
Entrypoint application = js/application-eccb55a02fd4c35b3318.js js/application-eccb55a02fd4c35b3318.js.map
[./app/javascript/channels sync recursive _channel\.js$] ./app/javascript/channels sync _channel\.js$ 160 bytes {application} [built]
[./app/javascript/channels/index.js] 211 bytes {application} [built]
[./app/javascript/packs/application.js] 733 bytes {application} [built]
[./app/javascript/stylesheets/application.scss] 664 bytes {application} [built]
[./node_modules/css-loader/dist/cjs.js?!./node_modules/postcss-loader/src/index.js?!./node_modules/sass-loader/dist/cjs.js?!./app/javascript/stylesheets/application.scss] ./node_modules/css-loader/dist/cjs.js??ref--6-1!./node_modules/postcss-loader/src??ref--6-2!./node_modules/sass-loader/dist/cjs.js??ref--6-3!./app/javascript/stylesheets/application.scss 743 KiB {application} [built]
[./node_modules/webpack/buildin/module.js] (webpack)/buildin/module.js 552 bytes {application} [built]
    + 6 hidden modules

ERROR in ./node_modules/bootstrap/dist/js/bootstrap.esm.js
Module not found: Error: Can't resolve '@popperjs/core' in '/home/lotvue29/projects/basic_app/node_modules/bootstrap/dist/js'
 @ ./node_modules/bootstrap/dist/js/bootstrap.esm.js 60:0-41 2356:17-23 2375:21-40 4029:15-21 4164:23-42
 @ ./app/javascript/packs/application.js

ERROR in ./app/javascript/packs/application.js
Module not found: Error: Can't resolve 'expose-loader' in '/home/lotvue29/projects/basic_app/app/javascript/packs'
 @ ./app/javascript/packs/application.js 14:0-33

ERROR in ./app/javascript/packs/application.js
Module not found: Error: Can't resolve 'expose-loader' in '/home/lotvue29/projects/basic_app/app/javascript/packs'
 @ ./app/javascript/packs/application.js 16:0-38

ERROR in ./app/javascript/packs/application.js
Module not found: Error: Can't resolve 'expose-loader' in '/home/lotvue29/projects/basic_app/app/javascript/packs'
 @ ./app/javascript/packs/application.js 18:0-41

  Rendered layout layouts/application.html.erb (Duration: 5624.3ms | Allocations: 7810)
Completed 200 OK in 5626ms (Views: 5624.9ms | ActiveRecord: 0.0ms | Allocations: 8487)


Started GET "/users/sign_in" for ::1 at 2021-12-05 16:44:19 +0530
Processing by Devise::SessionsController#new as HTML
  Rendering layout layouts/application.html.erb
  Rendering devise/sessions/new.html.erb within layouts/application
  Rendered devise/shared/_links.html.erb (Duration: 0.2ms | Allocations: 153)
  Rendered devise/sessions/new.html.erb within layouts/application (Duration: 1.3ms | Allocations: 1009)
[Webpacker] Everything's up-to-date. Nothing to do
  Rendered layout layouts/application.html.erb (Duration: 3.8ms | Allocations: 3808)
Completed 200 OK in 5ms (Views: 4.2ms | ActiveRecord: 0.0ms | Allocations: 4486)


Started GET "/users/sign_in" for ::1 at 2021-12-05 16:44:28 +0530
  [1m[35m (0.5ms)[0m  [1m[34mSELECT "schema_migrations"."version" FROM "schema_migrations" ORDER BY "schema_migrations"."version" ASC[0m
Processing by Devise::SessionsController#new as HTML
  Rendering layout layouts/application.html.erb
  Rendering devise/sessions/new.html.erb within layouts/application
  Rendered devise/shared/_links.html.erb (Duration: 0.7ms | Allocations: 648)
  Rendered devise/sessions/new.html.erb within layouts/application (Duration: 5.2ms | Allocations: 5078)
[Webpacker] Everything's up-to-date. Nothing to do
  Rendered layout layouts/application.html.erb (Duration: 9.4ms | Allocations: 10006)
Completed 200 OK in 22ms (Views: 11.4ms | ActiveRecord: 2.4ms | Allocations: 18940)


Started GET "/users/sign_in" for ::1 at 2021-12-05 16:47:10 +0530
  [1m[35m (0.5ms)[0m  [1m[34mSELECT "schema_migrations"."version" FROM "schema_migrations" ORDER BY "schema_migrations"."version" ASC[0m
Processing by Devise::SessionsController#new as HTML
  Rendering layout layouts/application.html.erb
  Rendering devise/sessions/new.html.erb within layouts/application
  Rendered devise/shared/_links.html.erb (Duration: 0.6ms | Allocations: 648)
  Rendered devise/sessions/new.html.erb within layouts/application (Duration: 4.4ms | Allocations: 5078)
[Webpacker] Compiling...
[Webpacker] Compilation failed:
Hash: 7ef292aee0b086cdea32
Version: webpack 4.46.0
Time: 4277ms
Built at: 05/12/2021 4:47:16 pm
                                     Asset       Size       Chunks                         Chunk Names
    js/application-67368000fb73c5409737.js   1.18 MiB  application  [emitted] [immutable]  application
js/application-67368000fb73c5409737.js.map   1.19 MiB  application  [emitted] [dev]        application
                             manifest.json  364 bytes               [emitted]              
Entrypoint application = js/application-67368000fb73c5409737.js js/application-67368000fb73c5409737.js.map
[./app/javascript/channels sync recursive _channel\.js$] ./app/javascript/channels sync _channel\.js$ 160 bytes {application} [built]
[./app/javascript/channels/index.js] 211 bytes {application} [built]
[./app/javascript/packs/application.js] 733 bytes {application} [built]
[./app/javascript/stylesheets/application.scss] 664 bytes {application} [built]
[./node_modules/css-loader/dist/cjs.js?!./node_modules/postcss-loader/src/index.js?!./node_modules/sass-loader/dist/cjs.js?!./app/javascript/stylesheets/application.scss] ./node_modules/css-loader/dist/cjs.js??ref--6-1!./node_modules/postcss-loader/src??ref--6-2!./node_modules/sass-loader/dist/cjs.js??ref--6-3!./app/javascript/stylesheets/application.scss 743 KiB {application} [built]
[./node_modules/webpack/buildin/module.js] (webpack)/buildin/module.js 552 bytes {application} [built]
    + 64 hidden modules

ERROR in ./app/javascript/packs/application.js
Module not found: Error: Can't resolve 'expose-loader' in '/home/lotvue29/projects/basic_app/app/javascript/packs'
 @ ./app/javascript/packs/application.js 14:0-33

ERROR in ./app/javascript/packs/application.js
Module not found: Error: Can't resolve 'expose-loader' in '/home/lotvue29/projects/basic_app/app/javascript/packs'
 @ ./app/javascript/packs/application.js 16:0-38

ERROR in ./app/javascript/packs/application.js
Module not found: Error: Can't resolve 'expose-loader' in '/home/lotvue29/projects/basic_app/app/javascript/packs'
 @ ./app/javascript/packs/application.js 18:0-41

  Rendered layout layouts/application.html.erb (Duration: 5570.7ms | Allocations: 11225)
Completed 200 OK in 5584ms (Views: 5572.7ms | ActiveRecord: 2.6ms | Allocations: 20159)


Started GET "/users/sign_in" for ::1 at 2021-12-05 16:49:17 +0530
  [1m[35m (0.5ms)[0m  [1m[34mSELECT "schema_migrations"."version" FROM "schema_migrations" ORDER BY "schema_migrations"."version" ASC[0m
Processing by Devise::SessionsController#new as HTML
  Rendering layout layouts/application.html.erb
  Rendering devise/sessions/new.html.erb within layouts/application
  Rendered devise/shared/_links.html.erb (Duration: 0.6ms | Allocations: 648)
  Rendered devise/sessions/new.html.erb within layouts/application (Duration: 4.2ms | Allocations: 5078)
[Webpacker] Compiling...
[Webpacker] Compilation failed:
Hash: 69c81c65d4390e9d8a56
Version: webpack 4.46.0
Time: 4748ms
Built at: 05/12/2021 4:49:23 pm
                                     Asset       Size       Chunks                         Chunk Names
    js/application-2c1876dc734d3f4212a7.js   1.48 MiB  application  [emitted] [immutable]  application
js/application-2c1876dc734d3f4212a7.js.map   1.55 MiB  application  [emitted] [dev]        application
                             manifest.json  364 bytes               [emitted]              
Entrypoint application = js/application-2c1876dc734d3f4212a7.js js/application-2c1876dc734d3f4212a7.js.map
[./app/javascript/channels sync recursive _channel\.js$] ./app/javascript/channels sync _channel\.js$ 160 bytes {application} [built]
[./app/javascript/channels/index.js] 211 bytes {application} [built]
[./app/javascript/packs/application.js] 733 bytes {application} [built]
[./app/javascript/stylesheets/application.scss] 664 bytes {application} [built]
[./node_modules/css-loader/dist/cjs.js?!./node_modules/postcss-loader/src/index.js?!./node_modules/sass-loader/dist/cjs.js?!./app/javascript/stylesheets/application.scss] ./node_modules/css-loader/dist/cjs.js??ref--6-1!./node_modules/postcss-loader/src??ref--6-2!./node_modules/sass-loader/dist/cjs.js??ref--6-3!./app/javascript/stylesheets/application.scss 743 KiB {application} [built]
[./node_modules/webpack/buildin/module.js] (webpack)/buildin/module.js 552 bytes {application} [built]
    + 65 hidden modules

ERROR in ./app/javascript/packs/application.js
Module not found: Error: Can't resolve 'expose-loader' in '/home/lotvue29/projects/basic_app/app/javascript/packs'
 @ ./app/javascript/packs/application.js 14:0-33

ERROR in ./app/javascript/packs/application.js
Module not found: Error: Can't resolve 'expose-loader' in '/home/lotvue29/projects/basic_app/app/javascript/packs'
 @ ./app/javascript/packs/application.js 16:0-38

ERROR in ./app/javascript/packs/application.js
Module not found: Error: Can't resolve 'expose-loader' in '/home/lotvue29/projects/basic_app/app/javascript/packs'
 @ ./app/javascript/packs/application.js 18:0-41

  Rendered layout layouts/application.html.erb (Duration: 5995.7ms | Allocations: 11227)
Completed 200 OK in 6009ms (Views: 5997.8ms | ActiveRecord: 2.6ms | Allocations: 20161)


Started GET "/users/sign_in" for ::1 at 2021-12-05 16:54:06 +0530
  [1m[35m (0.5ms)[0m  [1m[34mSELECT "schema_migrations"."version" FROM "schema_migrations" ORDER BY "schema_migrations"."version" ASC[0m
Processing by Devise::SessionsController#new as HTML
  Rendering layout layouts/application.html.erb
  Rendering devise/sessions/new.html.erb within layouts/application
  Rendered devise/shared/_links.html.erb (Duration: 0.6ms | Allocations: 648)
  Rendered devise/sessions/new.html.erb within layouts/application (Duration: 4.6ms | Allocations: 5080)
[Webpacker] Compiling...
[Webpacker] Compilation failed:
Hash: 2d7e6c72995cd5d55ce0
Version: webpack 4.46.0
Time: 3863ms
Built at: 05/12/2021 4:54:11 pm
                                     Asset       Size       Chunks                         Chunk Names
    js/application-8f6dd7f7c1fd14a863d6.js   1.48 MiB  application  [emitted] [immutable]  application
js/application-8f6dd7f7c1fd14a863d6.js.map   1.55 MiB  application  [emitted] [dev]        application
                             manifest.json  364 bytes               [emitted]              
Entrypoint application = js/application-8f6dd7f7c1fd14a863d6.js js/application-8f6dd7f7c1fd14a863d6.js.map
[./app/javascript/channels sync recursive _channel\.js$] ./app/javascript/channels sync _channel\.js$ 160 bytes {application} [built]
[./app/javascript/channels/index.js] 211 bytes {application} [built]
[./app/javascript/packs/application.js] 645 bytes {application} [built]
[./app/javascript/stylesheets/application.scss] 664 bytes {application} [built]
[./node_modules/css-loader/dist/cjs.js?!./node_modules/postcss-loader/src/index.js?!./node_modules/sass-loader/dist/cjs.js?!./app/javascript/stylesheets/application.scss] ./node_modules/css-loader/dist/cjs.js??ref--6-1!./node_modules/postcss-loader/src??ref--6-2!./node_modules/sass-loader/dist/cjs.js??ref--6-3!./app/javascript/stylesheets/application.scss 743 KiB {application} [built]
[./node_modules/webpack/buildin/module.js] (webpack)/buildin/module.js 552 bytes {application} [built]
    + 65 hidden modules

ERROR in ./app/javascript/packs/application.js
Module not found: Error: Can't resolve 'popper.js' in '/home/lotvue29/projects/basic_app/app/javascript/packs'
 @ ./app/javascript/packs/application.js 11:0-19

  Rendered layout layouts/application.html.erb (Duration: 5132.5ms | Allocations: 11227)
Completed 200 OK in 5146ms (Views: 5134.8ms | ActiveRecord: 2.6ms | Allocations: 20162)


Started GET "/users/sign_in" for ::1 at 2021-12-05 18:02:57 +0530
  [1m[35m (0.5ms)[0m  [1m[34mSELECT "schema_migrations"."version" FROM "schema_migrations" ORDER BY "schema_migrations"."version" ASC[0m
Processing by Devise::SessionsController#new as HTML
  Rendering layout layouts/application.html.erb
  Rendering devise/sessions/new.html.erb within layouts/application
  Rendered devise/shared/_links.html.erb (Duration: 0.6ms | Allocations: 648)
  Rendered devise/sessions/new.html.erb within layouts/application (Duration: 4.2ms | Allocations: 5078)
[Webpacker] Compiling...
[Webpacker] Compiled all packs in /home/lotvue29/projects/basic_app/public/packs
[Webpacker] Hash: 9985e44c75a6a7449aa3
Version: webpack 4.46.0
Time: 4666ms
Built at: 05/12/2021 6:03:03 pm
                                     Asset       Size       Chunks                         Chunk Names
    js/application-d6e869371ba0444a8adc.js   1.57 MiB  application  [emitted] [immutable]  application
js/application-d6e869371ba0444a8adc.js.map   1.65 MiB  application  [emitted] [dev]        application
                             manifest.json  364 bytes               [emitted]              
Entrypoint application = js/application-d6e869371ba0444a8adc.js js/application-d6e869371ba0444a8adc.js.map
[./app/javascript/channels sync recursive _channel\.js$] ./app/javascript/channels sync _channel\.js$ 160 bytes {application} [built]
[./app/javascript/channels/index.js] 211 bytes {application} [built]
[./app/javascript/packs/application.js] 645 bytes {application} [built]
[./app/javascript/stylesheets/application.scss] 664 bytes {application} [built]
[./node_modules/css-loader/dist/cjs.js?!./node_modules/postcss-loader/src/index.js?!./node_modules/sass-loader/dist/cjs.js?!./app/javascript/stylesheets/application.scss] ./node_modules/css-loader/dist/cjs.js??ref--6-1!./node_modules/postcss-loader/src??ref--6-2!./node_modules/sass-loader/dist/cjs.js??ref--6-3!./app/javascript/stylesheets/application.scss 743 KiB {application} [built]
[./node_modules/webpack/buildin/global.js] (webpack)/buildin/global.js 905 bytes {application} [built]
[./node_modules/webpack/buildin/module.js] (webpack)/buildin/module.js 552 bytes {application} [built]
    + 66 hidden modules

  Rendered layout layouts/application.html.erb (Duration: 5925.1ms | Allocations: 11292)
Completed 200 OK in 5938ms (Views: 5927.2ms | ActiveRecord: 2.5ms | Allocations: 20226)


Started GET "/users/sign_in" for ::1 at 2021-12-05 18:04:09 +0530
Processing by Devise::SessionsController#new as HTML
  Rendering layout layouts/application.html.erb
  Rendering devise/sessions/new.html.erb within layouts/application
  Rendered devise/shared/_links.html.erb (Duration: 0.5ms | Allocations: 534)
  Rendered devise/sessions/new.html.erb within layouts/application (Duration: 2.1ms | Allocations: 1855)
[Webpacker] Everything's up-to-date. Nothing to do
  Rendered layout layouts/application.html.erb (Duration: 5.1ms | Allocations: 4957)
Completed 200 OK in 8ms (Views: 6.8ms | ActiveRecord: 0.0ms | Allocations: 6831)


Started GET "/users/sign_in" for ::1 at 2021-12-05 18:04:25 +0530
Processing by Devise::SessionsController#new as HTML
  Rendering layout layouts/application.html.erb
  Rendering devise/sessions/new.html.erb within layouts/application
  Rendered devise/shared/_links.html.erb (Duration: 0.6ms | Allocations: 534)
  Rendered devise/sessions/new.html.erb within layouts/application (Duration: 2.4ms | Allocations: 1855)
[Webpacker] Everything's up-to-date. Nothing to do
  Rendered layout layouts/application.html.erb (Duration: 5.2ms | Allocations: 4913)
Completed 200 OK in 7ms (Views: 6.7ms | ActiveRecord: 0.0ms | Allocations: 6772)


Started GET "/users/sign_in" for ::1 at 2021-12-05 18:10:02 +0530
Processing by Devise::SessionsController#new as HTML
  Rendering layout layouts/application.html.erb
  Rendering devise/sessions/new.html.erb within layouts/application
  Rendered devise/shared/_links.html.erb (Duration: 0.5ms | Allocations: 534)
  Rendered devise/sessions/new.html.erb within layouts/application (Duration: 2.1ms | Allocations: 1855)
[Webpacker] Everything's up-to-date. Nothing to do
  Rendered layout layouts/application.html.erb (Duration: 5.0ms | Allocations: 4919)
Completed 200 OK in 7ms (Views: 6.4ms | Allocations: 6787)


Started GET "/users/sign_up" for ::1 at 2021-12-05 18:25:42 +0530
Processing by Devise::RegistrationsController#new as HTML
  Rendering layout layouts/application.html.erb
  Rendering devise/registrations/new.html.erb within layouts/application
  Rendered devise/shared/_error_messages.html.erb (Duration: 0.3ms | Allocations: 220)
  Rendered devise/shared/_links.html.erb (Duration: 0.2ms | Allocations: 153)
  Rendered devise/registrations/new.html.erb within layouts/application (Duration: 2.1ms | Allocations: 1856)
[Webpacker] Everything's up-to-date. Nothing to do
  Rendered layout layouts/application.html.erb (Duration: 10.5ms | Allocations: 4676)
Completed 200 OK in 12ms (Views: 11.5ms | Allocations: 6001)


Started GET "/users/sign_up" for ::1 at 2021-12-05 18:26:33 +0530
Processing by Devise::RegistrationsController#new as HTML
  Rendering layout layouts/application.html.erb
  Rendering devise/registrations/new.html.erb within layouts/application
  Rendered devise/shared/_error_messages.html.erb (Duration: 0.3ms | Allocations: 211)
  Rendered devise/shared/_links.html.erb (Duration: 0.6ms | Allocations: 486)
  Rendered devise/registrations/new.html.erb within layouts/application (Duration: 3.3ms | Allocations: 2249)
[Webpacker] Everything's up-to-date. Nothing to do
  Rendered layout layouts/application.html.erb (Duration: 6.3ms | Allocations: 5310)
Completed 200 OK in 8ms (Views: 7.7ms | Allocations: 7102)


Started GET "/users/sign_up" for ::1 at 2021-12-05 18:29:01 +0530
Processing by Devise::RegistrationsController#new as HTML
  Rendering layout layouts/application.html.erb
  Rendering devise/registrations/new.html.erb within layouts/application
  Rendered devise/shared/_error_messages.html.erb (Duration: 0.2ms | Allocations: 211)
  Rendered devise/shared/_links.html.erb (Duration: 0.4ms | Allocations: 486)
  Rendered devise/registrations/new.html.erb within layouts/application (Duration: 2.4ms | Allocations: 2246)
[Webpacker] Everything's up-to-date. Nothing to do
  Rendered layout layouts/application.html.erb (Duration: 5.1ms | Allocations: 5321)
Completed 200 OK in 7ms (Views: 6.4ms | Allocations: 7127)


Started GET "/users/sign_up" for ::1 at 2021-12-05 18:29:16 +0530
Processing by Devise::RegistrationsController#new as HTML
  Rendering layout layouts/application.html.erb
  Rendering devise/registrations/new.html.erb within layouts/application
  Rendered devise/shared/_error_messages.html.erb (Duration: 0.3ms | Allocations: 211)
  Rendered devise/shared/_links.html.erb (Duration: 0.6ms | Allocations: 486)
  Rendered devise/registrations/new.html.erb within layouts/application (Duration: 2.8ms | Allocations: 2244)
[Webpacker] Everything's up-to-date. Nothing to do
  Rendered layout layouts/application.html.erb (Duration: 5.9ms | Allocations: 5310)
Completed 200 OK in 9ms (Views: 7.8ms | Allocations: 7092)


Started POST "/users" for ::1 at 2021-12-05 18:29:33 +0530
Processing by Devise::RegistrationsController#create as HTML
  Parameters: {"authenticity_token"=>"[FILTERED]", "user"=>{"email"=>"", "password"=>"[FILTERED]", "password_confirmation"=>"[FILTERED]"}, "commit"=>"Sign up"}
  Rendering layout layouts/application.html.erb
  Rendering devise/registrations/new.html.erb within layouts/application
  Rendered devise/shared/_error_messages.html.erb (Duration: 2.0ms | Allocations: 952)
  Rendered devise/shared/_links.html.erb (Duration: 0.2ms | Allocations: 105)
  Rendered devise/registrations/new.html.erb within layouts/application (Duration: 5.9ms | Allocations: 2974)
[Webpacker] Everything's up-to-date. Nothing to do
  Rendered layout layouts/application.html.erb (Duration: 9.7ms | Allocations: 5711)
Completed 200 OK in 47ms (Views: 10.3ms | ActiveRecord: 11.4ms | Allocations: 14702)


Started GET "/users" for ::1 at 2021-12-05 18:29:59 +0530
  
ActionController::RoutingError (No route matches [GET] "/users"):
  
Started GET "/users/sign_up" for ::1 at 2021-12-05 18:30:05 +0530
Processing by Devise::RegistrationsController#new as HTML
  Rendering layout layouts/application.html.erb
  Rendering devise/registrations/new.html.erb within layouts/application
  Rendered devise/shared/_error_messages.html.erb (Duration: 0.1ms | Allocations: 43)
  Rendered devise/shared/_links.html.erb (Duration: 0.2ms | Allocations: 105)
  Rendered devise/registrations/new.html.erb within layouts/application (Duration: 1.9ms | Allocations: 1065)
[Webpacker] Everything's up-to-date. Nothing to do
  Rendered layout layouts/application.html.erb (Duration: 5.8ms | Allocations: 3871)
Completed 200 OK in 7ms (Views: 6.2ms | ActiveRecord: 0.0ms | Allocations: 4469)


Started GET "/users/sign_up" for ::1 at 2021-12-05 18:30:23 +0530
Processing by Devise::RegistrationsController#new as HTML
  Rendering layout layouts/application.html.erb
  Rendering devise/registrations/new.html.erb within layouts/application
  Rendered devise/shared/_error_messages.html.erb (Duration: 1.4ms | Allocations: 211)
  Rendered devise/shared/_links.html.erb (Duration: 2.1ms | Allocations: 486)
  Rendered devise/registrations/new.html.erb within layouts/application (Duration: 11.6ms | Allocations: 2247)
[Webpacker] Everything's up-to-date. Nothing to do
  Rendered layout layouts/application.html.erb (Duration: 20.6ms | Allocations: 5317)
Completed 200 OK in 29ms (Views: 27.3ms | ActiveRecord: 0.0ms | Allocations: 7112)


Started GET "/users/sign_up" for ::1 at 2021-12-05 18:30:54 +0530
Processing by Devise::RegistrationsController#new as HTML
  Rendering layout layouts/application.html.erb
  Rendering devise/registrations/new.html.erb within layouts/application
  Rendered devise/shared/_error_messages.html.erb (Duration: 1.6ms | Allocations: 211)
  Rendered devise/shared/_links.html.erb (Duration: 1.5ms | Allocations: 486)
  Rendered devise/registrations/new.html.erb within layouts/application (Duration: 10.0ms | Allocations: 2245)
[Webpacker] Everything's up-to-date. Nothing to do
  Rendered layout layouts/application.html.erb (Duration: 17.0ms | Allocations: 5310)
Completed 200 OK in 25ms (Views: 23.2ms | ActiveRecord: 0.0ms | Allocations: 7096)


Started GET "/users/sign_up" for ::1 at 2021-12-05 18:31:20 +0530
Processing by Devise::RegistrationsController#new as HTML
  Rendering layout layouts/application.html.erb
  Rendering devise/registrations/new.html.erb within layouts/application
  Rendered devise/shared/_error_messages.html.erb (Duration: 1.4ms | Allocations: 211)
  Rendered devise/shared/_links.html.erb (Duration: 1.9ms | Allocations: 486)
  Rendered devise/registrations/new.html.erb within layouts/application (Duration: 12.4ms | Allocations: 2244)
[Webpacker] Everything's up-to-date. Nothing to do
  Rendered layout layouts/application.html.erb (Duration: 21.4ms | Allocations: 5310)
Completed 200 OK in 30ms (Views: 27.9ms | ActiveRecord: 0.0ms | Allocations: 7095)


Started GET "/users/sign_up" for ::1 at 2021-12-05 18:32:10 +0530
Processing by Devise::RegistrationsController#new as HTML
  Rendering layout layouts/application.html.erb
  Rendering devise/registrations/new.html.erb within layouts/application
  Rendered devise/shared/_error_messages.html.erb (Duration: 0.4ms | Allocations: 211)
  Rendered devise/shared/_links.html.erb (Duration: 0.4ms | Allocations: 486)
  Rendered devise/registrations/new.html.erb within layouts/application (Duration: 2.3ms | Allocations: 2244)
[Webpacker] Everything's up-to-date. Nothing to do
  Rendered layout layouts/application.html.erb (Duration: 5.1ms | Allocations: 5310)
Completed 200 OK in 7ms (Views: 6.5ms | ActiveRecord: 0.0ms | Allocations: 7095)


Started GET "/users/sign_up" for ::1 at 2021-12-05 18:33:14 +0530
Processing by Devise::RegistrationsController#new as HTML
  Rendering layout layouts/application.html.erb
  Rendering devise/registrations/new.html.erb within layouts/application
  Rendered devise/shared/_error_messages.html.erb (Duration: 0.4ms | Allocations: 211)
  Rendered devise/shared/_links.html.erb (Duration: 0.4ms | Allocations: 486)
  Rendered devise/registrations/new.html.erb within layouts/application (Duration: 3.0ms | Allocations: 2244)
[Webpacker] Everything's up-to-date. Nothing to do
  Rendered layout layouts/application.html.erb (Duration: 6.0ms | Allocations: 5313)
Completed 200 OK in 8ms (Views: 7.7ms | ActiveRecord: 0.0ms | Allocations: 7099)


Started GET "/users/sign_up" for ::1 at 2021-12-05 18:34:05 +0530
Processing by Devise::RegistrationsController#new as HTML
  Rendering layout layouts/application.html.erb
  Rendering devise/registrations/new.html.erb within layouts/application
  Rendered devise/shared/_error_messages.html.erb (Duration: 0.3ms | Allocations: 211)
  Rendered devise/shared/_links.html.erb (Duration: 0.6ms | Allocations: 486)
  Rendered devise/registrations/new.html.erb within layouts/application (Duration: 2.7ms | Allocations: 2249)
[Webpacker] Everything's up-to-date. Nothing to do
  Rendered layout layouts/application.html.erb (Duration: 5.5ms | Allocations: 5325)
Completed 200 OK in 8ms (Views: 7.7ms | ActiveRecord: 0.0ms | Allocations: 7125)


Started GET "/users/sign_in" for ::1 at 2021-12-05 18:34:17 +0530
Processing by Devise::SessionsController#new as HTML
  Rendering layout layouts/application.html.erb
  Rendering devise/sessions/new.html.erb within layouts/application
  Rendered devise/shared/_links.html.erb (Duration: 0.2ms | Allocations: 161)
  Rendered devise/sessions/new.html.erb within layouts/application (Duration: 1.5ms | Allocations: 1353)
[Webpacker] Everything's up-to-date. Nothing to do
  Rendered layout layouts/application.html.erb (Duration: 4.0ms | Allocations: 4213)
Completed 200 OK in 6ms (Views: 5.2ms | ActiveRecord: 0.0ms | Allocations: 5507)


Started GET "/users/sign_in" for ::1 at 2021-12-05 18:35:40 +0530
Processing by Devise::SessionsController#new as HTML
  Rendering layout layouts/application.html.erb
  Rendering devise/sessions/new.html.erb within layouts/application
  Rendered devise/shared/_links.html.erb (Duration: 0.5ms | Allocations: 534)
  Rendered devise/sessions/new.html.erb within layouts/application (Duration: 2.2ms | Allocations: 1866)
[Webpacker] Everything's up-to-date. Nothing to do
  Rendered layout layouts/application.html.erb (Duration: 5.2ms | Allocations: 4941)
Completed 200 OK in 8ms (Views: 6.8ms | Allocations: 6802)


Started GET "/users/password/new" for ::1 at 2021-12-05 18:35:43 +0530
Processing by Devise::PasswordsController#new as HTML
  Rendering layout layouts/application.html.erb
  Rendering devise/passwords/new.html.erb within layouts/application
  Rendered devise/shared/_error_messages.html.erb (Duration: 0.3ms | Allocations: 211)
  Rendered devise/shared/_links.html.erb (Duration: 0.4ms | Allocations: 165)
  Rendered devise/passwords/new.html.erb within layouts/application (Duration: 2.3ms | Allocations: 1348)
[Webpacker] Everything's up-to-date. Nothing to do
  Rendered layout layouts/application.html.erb (Duration: 6.0ms | Allocations: 4154)
Completed 200 OK in 8ms (Views: 6.8ms | Allocations: 5453)


Started GET "/users/sign_up" for ::1 at 2021-12-05 18:35:47 +0530
Processing by Devise::RegistrationsController#new as HTML
  Rendering layout layouts/application.html.erb
  Rendering devise/registrations/new.html.erb within layouts/application
  Rendered devise/shared/_error_messages.html.erb (Duration: 0.1ms | Allocations: 44)
  Rendered devise/shared/_links.html.erb (Duration: 0.2ms | Allocations: 113)
  Rendered devise/registrations/new.html.erb within layouts/application (Duration: 2.1ms | Allocations: 1449)
[Webpacker] Everything's up-to-date. Nothing to do
  Rendered layout layouts/application.html.erb (Duration: 4.8ms | Allocations: 4309)
Completed 200 OK in 7ms (Views: 6.3ms | Allocations: 5524)


Started GET "/users/sign_up" for ::1 at 2021-12-05 18:36:52 +0530
Processing by Devise::RegistrationsController#new as HTML
  Rendering layout layouts/application.html.erb
  Rendering devise/registrations/new.html.erb within layouts/application
  Rendered devise/shared/_error_messages.html.erb (Duration: 0.1ms | Allocations: 43)
  Rendered devise/shared/_links.html.erb (Duration: 0.2ms | Allocations: 105)
  Rendered devise/registrations/new.html.erb within layouts/application (Duration: 1.6ms | Allocations: 1065)
[Webpacker] Everything's up-to-date. Nothing to do
  Rendered layout layouts/application.html.erb (Duration: 4.6ms | Allocations: 3863)
Completed 200 OK in 6ms (Views: 5.0ms | Allocations: 4457)


Started GET "/users/sign_in" for ::1 at 2021-12-05 18:36:54 +0530
Processing by Devise::SessionsController#new as HTML
  Rendering layout layouts/application.html.erb
  Rendering devise/sessions/new.html.erb within layouts/application
  Rendered devise/shared/_links.html.erb (Duration: 0.2ms | Allocations: 153)
  Rendered devise/sessions/new.html.erb within layouts/application (Duration: 1.2ms | Allocations: 1014)
[Webpacker] Everything's up-to-date. Nothing to do
  Rendered layout layouts/application.html.erb (Duration: 3.6ms | Allocations: 3812)
Completed 200 OK in 4ms (Views: 3.9ms | Allocations: 4477)


Started GET "/users/sign_up" for ::1 at 2021-12-05 18:37:16 +0530
Processing by Devise::RegistrationsController#new as HTML
  Rendering layout layouts/application.html.erb
  Rendering devise/registrations/new.html.erb within layouts/application
  Rendered devise/shared/_error_messages.html.erb (Duration: 0.1ms | Allocations: 43)
  Rendered devise/shared/_links.html.erb (Duration: 0.2ms | Allocations: 105)
  Rendered devise/registrations/new.html.erb within layouts/application (Duration: 1.4ms | Allocations: 1065)
[Webpacker] Everything's up-to-date. Nothing to do
  Rendered layout layouts/application.html.erb (Duration: 4.4ms | Allocations: 3863)
Completed 200 OK in 5ms (Views: 4.8ms | Allocations: 4459)


Started GET "/users/sign_up" for ::1 at 2021-12-05 18:49:34 +0530
Processing by Devise::RegistrationsController#new as HTML
  Rendering layout layouts/application.html.erb
  Rendering devise/registrations/new.html.erb within layouts/application
  Rendered devise/shared/_error_messages.html.erb (Duration: 0.0ms | Allocations: 43)
  Rendered devise/shared/_links.html.erb (Duration: 0.1ms | Allocations: 105)
  Rendered devise/registrations/new.html.erb within layouts/application (Duration: 3.0ms | Allocations: 1065)
[Webpacker] Everything's up-to-date. Nothing to do
  Rendered layout layouts/application.html.erb (Duration: 5.4ms | Allocations: 3871)
Completed 200 OK in 6ms (Views: 5.9ms | Allocations: 4465)


Started GET "/users/sign_up" for ::1 at 2021-12-05 18:49:37 +0530
Processing by Devise::RegistrationsController#new as HTML
  Rendering layout layouts/application.html.erb
  Rendering devise/registrations/new.html.erb within layouts/application
  Rendered devise/shared/_error_messages.html.erb (Duration: 0.1ms | Allocations: 43)
  Rendered devise/shared/_links.html.erb (Duration: 0.1ms | Allocations: 105)
  Rendered devise/registrations/new.html.erb within layouts/application (Duration: 1.4ms | Allocations: 1065)
[Webpacker] Everything's up-to-date. Nothing to do
  Rendered layout layouts/application.html.erb (Duration: 4.1ms | Allocations: 3871)
Completed 200 OK in 6ms (Views: 4.7ms | Allocations: 4469)


Started GET "/users/sign_up" for ::1 at 2021-12-05 18:49:39 +0530
Processing by Devise::RegistrationsController#new as HTML
  Rendering layout layouts/application.html.erb
  Rendering devise/registrations/new.html.erb within layouts/application
  Rendered devise/shared/_error_messages.html.erb (Duration: 0.1ms | Allocations: 43)
  Rendered devise/shared/_links.html.erb (Duration: 0.1ms | Allocations: 105)
  Rendered devise/registrations/new.html.erb within layouts/application (Duration: 1.3ms | Allocations: 1065)
[Webpacker] Everything's up-to-date. Nothing to do
  Rendered layout layouts/application.html.erb (Duration: 4.5ms | Allocations: 3871)
Completed 200 OK in 6ms (Views: 4.9ms | Allocations: 4464)


Started GET "/users/sign_in" for ::1 at 2021-12-05 18:49:51 +0530
Processing by Devise::SessionsController#new as HTML
  Rendering layout layouts/application.html.erb
  Rendering devise/sessions/new.html.erb within layouts/application
  Rendered devise/shared/_links.html.erb (Duration: 0.2ms | Allocations: 153)
  Rendered devise/sessions/new.html.erb within layouts/application (Duration: 1.4ms | Allocations: 1026)
[Webpacker] Everything's up-to-date. Nothing to do
  Rendered layout layouts/application.html.erb (Duration: 4.1ms | Allocations: 3906)
Completed 200 OK in 5ms (Views: 4.5ms | Allocations: 4579)


Started GET "/users/sign_up" for ::1 at 2021-12-05 18:49:59 +0530
Processing by Devise::RegistrationsController#new as HTML
  Rendering layout layouts/application.html.erb
  Rendering devise/registrations/new.html.erb within layouts/application
  Rendered devise/shared/_error_messages.html.erb (Duration: 0.1ms | Allocations: 43)
  Rendered devise/shared/_links.html.erb (Duration: 0.3ms | Allocations: 105)
  Rendered devise/registrations/new.html.erb within layouts/application (Duration: 2.2ms | Allocations: 1065)
[Webpacker] Everything's up-to-date. Nothing to do
  Rendered layout layouts/application.html.erb (Duration: 6.2ms | Allocations: 3866)
Completed 200 OK in 8ms (Views: 7.2ms | Allocations: 5032)


Started GET "/users/sign_up" for ::1 at 2021-12-05 18:50:40 +0530
Processing by Devise::RegistrationsController#new as HTML
  Rendering layout layouts/application.html.erb
  Rendering devise/registrations/new.html.erb within layouts/application
  Rendered devise/shared/_error_messages.html.erb (Duration: 0.3ms | Allocations: 211)
  Rendered devise/shared/_links.html.erb (Duration: 0.4ms | Allocations: 486)
  Rendered devise/registrations/new.html.erb within layouts/application (Duration: 2.3ms | Allocations: 2268)
[Webpacker] Everything's up-to-date. Nothing to do
  Rendered layout layouts/application.html.erb (Duration: 4.8ms | Allocations: 5343)
Completed 200 OK in 7ms (Views: 6.2ms | Allocations: 7134)


Started GET "/users/sign_up" for ::1 at 2021-12-05 18:52:05 +0530
Processing by Devise::RegistrationsController#new as HTML
  Rendering layout layouts/application.html.erb
  Rendering devise/registrations/new.html.erb within layouts/application
  Rendered devise/shared/_error_messages.html.erb (Duration: 0.3ms | Allocations: 211)
  Rendered devise/shared/_links.html.erb (Duration: 0.4ms | Allocations: 486)
  Rendered devise/registrations/new.html.erb within layouts/application (Duration: 2.3ms | Allocations: 2264)
[Webpacker] Everything's up-to-date. Nothing to do
  Rendered layout layouts/application.html.erb (Duration: 4.9ms | Allocations: 5331)
Completed 200 OK in 7ms (Views: 6.2ms | Allocations: 7114)


Started GET "/users/sign_up" for ::1 at 2021-12-05 18:52:11 +0530
Processing by Devise::RegistrationsController#new as HTML
  Rendering layout layouts/application.html.erb
  Rendering devise/registrations/new.html.erb within layouts/application
  Rendered devise/shared/_error_messages.html.erb (Duration: 0.3ms | Allocations: 211)
  Rendered devise/shared/_links.html.erb (Duration: 0.6ms | Allocations: 486)
  Rendered devise/registrations/new.html.erb within layouts/application (Duration: 2.8ms | Allocations: 2263)
[Webpacker] Everything's up-to-date. Nothing to do
  Rendered layout layouts/application.html.erb (Duration: 5.6ms | Allocations: 5330)
Completed 200 OK in 8ms (Views: 7.2ms | Allocations: 7117)


Started GET "/users/sign_up" for ::1 at 2021-12-05 18:52:31 +0530
Processing by Devise::RegistrationsController#new as HTML
  Rendering layout layouts/application.html.erb
  Rendering devise/registrations/new.html.erb within layouts/application
  Rendered devise/shared/_error_messages.html.erb (Duration: 0.2ms | Allocations: 211)
  Rendered devise/shared/_links.html.erb (Duration: 0.4ms | Allocations: 486)
  Rendered devise/registrations/new.html.erb within layouts/application (Duration: 2.3ms | Allocations: 2263)
[Webpacker] Everything's up-to-date. Nothing to do
  Rendered layout layouts/application.html.erb (Duration: 4.7ms | Allocations: 5330)
Completed 200 OK in 7ms (Views: 6.1ms | Allocations: 7112)


Started GET "/users/sign_up" for ::1 at 2021-12-05 18:52:49 +0530
Processing by Devise::RegistrationsController#new as HTML
  Rendering layout layouts/application.html.erb
  Rendering devise/registrations/new.html.erb within layouts/application
  Rendered devise/shared/_error_messages.html.erb (Duration: 1.3ms | Allocations: 211)
  Rendered devise/shared/_links.html.erb (Duration: 1.5ms | Allocations: 486)
  Rendered devise/registrations/new.html.erb within layouts/application (Duration: 9.1ms | Allocations: 2264)
[Webpacker] Everything's up-to-date. Nothing to do
  Rendered layout layouts/application.html.erb (Duration: 17.5ms | Allocations: 5331)
Completed 200 OK in 26ms (Views: 23.7ms | Allocations: 7114)


Started GET "/users/sign_in" for ::1 at 2021-12-05 18:52:54 +0530
Processing by Devise::SessionsController#new as HTML
  Rendering layout layouts/application.html.erb
  Rendering devise/sessions/new.html.erb within layouts/application
  Rendered devise/shared/_links.html.erb (Duration: 0.3ms | Allocations: 161)
  Rendered devise/sessions/new.html.erb within layouts/application (Duration: 1.6ms | Allocations: 1364)
[Webpacker] Everything's up-to-date. Nothing to do
  Rendered layout layouts/application.html.erb (Duration: 4.0ms | Allocations: 4232)
Completed 200 OK in 6ms (Views: 5.0ms | Allocations: 5520)


Started GET "/users/sign_in" for ::1 at 2021-12-05 18:53:48 +0530
Processing by Devise::SessionsController#new as HTML
  Rendering layout layouts/application.html.erb
  Rendering devise/sessions/new.html.erb within layouts/application
  Rendered devise/shared/_links.html.erb (Duration: 0.5ms | Allocations: 561)
  Rendered devise/sessions/new.html.erb within layouts/application (Duration: 2.5ms | Allocations: 1892)
[Webpacker] Everything's up-to-date. Nothing to do
  Rendered layout layouts/application.html.erb (Duration: 5.7ms | Allocations: 4967)
Completed 200 OK in 8ms (Views: 7.1ms | Allocations: 6829)


Started GET "/users/sign_up" for ::1 at 2021-12-05 18:53:55 +0530
Processing by Devise::RegistrationsController#new as HTML
  Rendering layout layouts/application.html.erb
  Rendering devise/registrations/new.html.erb within layouts/application
  Rendered devise/shared/_error_messages.html.erb (Duration: 0.4ms | Allocations: 211)
  Rendered devise/shared/_links.html.erb (Duration: 0.2ms | Allocations: 118)
  Rendered devise/registrations/new.html.erb within layouts/application (Duration: 3.3ms | Allocations: 1766)
[Webpacker] Everything's up-to-date. Nothing to do
  Rendered layout layouts/application.html.erb (Duration: 7.3ms | Allocations: 4626)
Completed 200 OK in 10ms (Views: 9.1ms | Allocations: 5840)


Started GET "/users/sign_in" for ::1 at 2021-12-05 18:53:59 +0530
Processing by Devise::SessionsController#new as HTML
  Rendering layout layouts/application.html.erb
  Rendering devise/sessions/new.html.erb within layouts/application
  Rendered devise/shared/_links.html.erb (Duration: 0.2ms | Allocations: 163)
  Rendered devise/sessions/new.html.erb within layouts/application (Duration: 1.2ms | Allocations: 1024)
[Webpacker] Everything's up-to-date. Nothing to do
  Rendered layout layouts/application.html.erb (Duration: 4.3ms | Allocations: 3822)
Completed 200 OK in 5ms (Views: 4.8ms | Allocations: 4488)


Started GET "/users/sign_up" for ::1 at 2021-12-05 18:55:30 +0530
Processing by Devise::RegistrationsController#new as HTML
  Rendering layout layouts/application.html.erb
  Rendering devise/registrations/new.html.erb within layouts/application
  Rendered devise/shared/_error_messages.html.erb (Duration: 0.4ms | Allocations: 211)
  Rendered devise/shared/_links.html.erb (Duration: 0.4ms | Allocations: 486)
  Rendered devise/registrations/new.html.erb within layouts/application (Duration: 2.9ms | Allocations: 2265)
[Webpacker] Everything's up-to-date. Nothing to do
  Rendered layout layouts/application.html.erb (Duration: 7.4ms | Allocations: 5333)
Completed 200 OK in 10ms (Views: 9.0ms | Allocations: 7128)


Started GET "/users/sign_up" for ::1 at 2021-12-05 18:55:50 +0530
Processing by Devise::RegistrationsController#new as HTML
  Rendering layout layouts/application.html.erb
  Rendering devise/registrations/new.html.erb within layouts/application
  Rendered devise/shared/_error_messages.html.erb (Duration: 0.3ms | Allocations: 211)
  Rendered devise/shared/_links.html.erb (Duration: 0.5ms | Allocations: 486)
  Rendered devise/registrations/new.html.erb within layouts/application (Duration: 2.9ms | Allocations: 2264)
[Webpacker] Everything's up-to-date. Nothing to do
  Rendered layout layouts/application.html.erb (Duration: 5.7ms | Allocations: 5331)
Completed 200 OK in 8ms (Views: 7.6ms | Allocations: 7115)


Started GET "/users/sign_up" for ::1 at 2021-12-05 18:58:23 +0530
Processing by Devise::RegistrationsController#new as HTML
  Rendering layout layouts/application.html.erb
  Rendering devise/registrations/new.html.erb within layouts/application
  Rendered devise/shared/_error_messages.html.erb (Duration: 0.3ms | Allocations: 211)
  Rendered devise/shared/_links.html.erb (Duration: 0.4ms | Allocations: 486)
  Rendered devise/registrations/new.html.erb within layouts/application (Duration: 2.4ms | Allocations: 2262)
[Webpacker] Everything's up-to-date. Nothing to do
  Rendered layout layouts/application.html.erb (Duration: 6.6ms | Allocations: 5335)
Completed 200 OK in 8ms (Views: 7.9ms | Allocations: 7123)


Started GET "/users/sign_in" for ::1 at 2021-12-05 18:58:24 +0530
Processing by Devise::SessionsController#new as HTML
  Rendering layout layouts/application.html.erb
  Rendering devise/sessions/new.html.erb within layouts/application
  Rendered devise/shared/_links.html.erb (Duration: 0.2ms | Allocations: 161)
  Rendered devise/sessions/new.html.erb within layouts/application (Duration: 1.9ms | Allocations: 1377)
[Webpacker] Everything's up-to-date. Nothing to do
  Rendered layout layouts/application.html.erb (Duration: 4.6ms | Allocations: 4245)
Completed 200 OK in 7ms (Views: 5.8ms | Allocations: 5534)


Started GET "/users/password/new" for ::1 at 2021-12-05 18:58:37 +0530
Processing by Devise::PasswordsController#new as HTML
  Rendering layout layouts/application.html.erb
  Rendering devise/passwords/new.html.erb within layouts/application
  Rendered devise/shared/_error_messages.html.erb (Duration: 0.1ms | Allocations: 44)
  Rendered devise/shared/_links.html.erb (Duration: 0.2ms | Allocations: 159)
  Rendered devise/passwords/new.html.erb within layouts/application (Duration: 2.1ms | Allocations: 1016)
[Webpacker] Everything's up-to-date. Nothing to do
  Rendered layout layouts/application.html.erb (Duration: 5.7ms | Allocations: 3870)
Completed 200 OK in 8ms (Views: 7.0ms | Allocations: 5054)


Started GET "/users/sign_in" for ::1 at 2021-12-05 18:58:42 +0530
Processing by Devise::SessionsController#new as HTML
  Rendering layout layouts/application.html.erb
  Rendering devise/sessions/new.html.erb within layouts/application
  Rendered devise/shared/_links.html.erb (Duration: 0.3ms | Allocations: 153)
  Rendered devise/sessions/new.html.erb within layouts/application (Duration: 2.3ms | Allocations: 1022)
[Webpacker] Everything's up-to-date. Nothing to do
  Rendered layout layouts/application.html.erb (Duration: 6.4ms | Allocations: 3820)
Completed 200 OK in 8ms (Views: 7.4ms | Allocations: 5056)


Started GET "/users/sign_up" for ::1 at 2021-12-05 20:47:55 +0530
Processing by Devise::RegistrationsController#new as HTML
  Rendering layout layouts/application.html.erb
  Rendering devise/registrations/new.html.erb within layouts/application
  Rendered devise/shared/_error_messages.html.erb (Duration: 0.1ms | Allocations: 43)
  Rendered devise/shared/_links.html.erb (Duration: 0.4ms | Allocations: 105)
  Rendered devise/registrations/new.html.erb within layouts/application (Duration: 2.3ms | Allocations: 1077)
[Webpacker] Everything's up-to-date. Nothing to do
  Rendered layout layouts/application.html.erb (Duration: 8.4ms | Allocations: 4511)
Completed 200 OK in 10ms (Views: 9.3ms | Allocations: 5116)


Started GET "/users/sign_in" for ::1 at 2021-12-06 16:13:16 +0530
  [1m[35m (2.4ms)[0m  [1m[34mSELECT "schema_migrations"."version" FROM "schema_migrations" ORDER BY "schema_migrations"."version" ASC[0m
Processing by Devise::SessionsController#new as HTML
  Rendering layout layouts/application.html.erb
  Rendering devise/sessions/new.html.erb within layouts/application
  Rendered devise/shared/_links.html.erb (Duration: 0.7ms | Allocations: 648)
  Rendered devise/sessions/new.html.erb within layouts/application (Duration: 5.6ms | Allocations: 5673)
[Webpacker] Everything's up-to-date. Nothing to do
  Rendered layout layouts/application.html.erb (Duration: 10.3ms | Allocations: 10610)
Completed 200 OK in 30ms (Views: 12.7ms | ActiveRecord: 3.7ms | Allocations: 19544)


Started POST "/users/sign_in" for ::1 at 2021-12-06 16:13:19 +0530
Processing by Devise::SessionsController#create as HTML
  Parameters: {"authenticity_token"=>"[FILTERED]", "user"=>{"email"=>"", "password"=>"[FILTERED]", "remember_me"=>"0"}, "commit"=>"Log in"}
Completed 401 Unauthorized in 2ms (ActiveRecord: 0.0ms | Allocations: 442)


Processing by Devise::SessionsController#new as HTML
  Parameters: {"authenticity_token"=>"[FILTERED]", "user"=>{"email"=>"", "password"=>"[FILTERED]", "remember_me"=>"0"}, "commit"=>"Log in"}
  Rendering layout layouts/application.html.erb
  Rendering devise/sessions/new.html.erb within layouts/application
  Rendered devise/shared/_links.html.erb (Duration: 0.5ms | Allocations: 153)
  Rendered devise/sessions/new.html.erb within layouts/application (Duration: 3.8ms | Allocations: 1021)
[Webpacker] Everything's up-to-date. Nothing to do
  Rendered layout layouts/application.html.erb (Duration: 10.1ms | Allocations: 3829)
Completed 200 OK in 13ms (Views: 11.0ms | ActiveRecord: 0.0ms | Allocations: 4451)


Started GET "/users/sign_up" for ::1 at 2021-12-06 16:13:25 +0530
Processing by Devise::RegistrationsController#new as HTML
  Rendering layout layouts/application.html.erb
  Rendering devise/registrations/new.html.erb within layouts/application
  Rendered devise/shared/_error_messages.html.erb (Duration: 0.3ms | Allocations: 225)
  Rendered devise/shared/_links.html.erb (Duration: 0.2ms | Allocations: 153)
  Rendered devise/registrations/new.html.erb within layouts/application (Duration: 2.2ms | Allocations: 1888)
[Webpacker] Everything's up-to-date. Nothing to do
  Rendered layout layouts/application.html.erb (Duration: 4.8ms | Allocations: 4709)
Completed 200 OK in 6ms (Views: 5.9ms | ActiveRecord: 0.0ms | Allocations: 6054)


Started POST "/users" for ::1 at 2021-12-06 16:13:26 +0530
Processing by Devise::RegistrationsController#create as HTML
  Parameters: {"authenticity_token"=>"[FILTERED]", "user"=>{"email"=>"", "password"=>"[FILTERED]", "password_confirmation"=>"[FILTERED]"}, "commit"=>"Sign up"}
  Rendering layout layouts/application.html.erb
  Rendering devise/registrations/new.html.erb within layouts/application
  Rendered devise/shared/_error_messages.html.erb (Duration: 4.3ms | Allocations: 952)
  Rendered devise/shared/_links.html.erb (Duration: 0.3ms | Allocations: 105)
  Rendered devise/registrations/new.html.erb within layouts/application (Duration: 11.0ms | Allocations: 2977)
[Webpacker] Everything's up-to-date. Nothing to do
  Rendered layout layouts/application.html.erb (Duration: 16.2ms | Allocations: 5714)
Completed 200 OK in 27ms (Views: 17.1ms | ActiveRecord: 0.0ms | Allocations: 9378)


Started GET "/users" for ::1 at 2021-12-06 16:14:56 +0530
  
ActionController::RoutingError (No route matches [GET] "/users"):
  
Started GET "/users/sign_up" for ::1 at 2021-12-06 16:15:01 +0530
Processing by Devise::RegistrationsController#new as HTML
  Rendering layout layouts/application.html.erb
  Rendering devise/registrations/new.html.erb within layouts/application
  Rendered devise/shared/_error_messages.html.erb (Duration: 0.7ms | Allocations: 217)
  Rendered devise/shared/_links.html.erb (Duration: 0.9ms | Allocations: 486)
  Rendered devise/registrations/new.html.erb within layouts/application (Duration: 4.8ms | Allocations: 2274)
[Webpacker] Everything's up-to-date. Nothing to do
  Rendered layout layouts/application.html.erb (Duration: 9.3ms | Allocations: 5349)
Completed 200 OK in 13ms (Views: 11.7ms | ActiveRecord: 0.0ms | Allocations: 7149)


Started POST "/users" for ::1 at 2021-12-06 16:15:03 +0530
Processing by Devise::RegistrationsController#create as HTML
  Parameters: {"authenticity_token"=>"[FILTERED]", "user"=>{"email"=>"", "password"=>"[FILTERED]", "password_confirmation"=>"[FILTERED]"}, "commit"=>"Sign up"}
  Rendering layout layouts/application.html.erb
  Rendering devise/registrations/new.html.erb within layouts/application
  Rendered devise/shared/_error_messages.html.erb (Duration: 1.7ms | Allocations: 825)
  Rendered devise/shared/_links.html.erb (Duration: 0.2ms | Allocations: 105)
  Rendered devise/registrations/new.html.erb within layouts/application (Duration: 6.2ms | Allocations: 2850)
[Webpacker] Everything's up-to-date. Nothing to do
  Rendered layout layouts/application.html.erb (Duration: 10.8ms | Allocations: 5587)
Completed 200 OK in 19ms (Views: 11.5ms | ActiveRecord: 0.0ms | Allocations: 8541)


Started GET "/users/sign_in" for ::1 at 2021-12-06 16:15:19 +0530
Processing by Devise::SessionsController#new as HTML
  Rendering layout layouts/application.html.erb
  Rendering devise/sessions/new.html.erb within layouts/application
  Rendered devise/shared/_links.html.erb (Duration: 0.2ms | Allocations: 161)
  Rendered devise/sessions/new.html.erb within layouts/application (Duration: 2.1ms | Allocations: 1375)
[Webpacker] Everything's up-to-date. Nothing to do
  Rendered layout layouts/application.html.erb (Duration: 5.1ms | Allocations: 4239)
Completed 200 OK in 7ms (Views: 6.4ms | ActiveRecord: 0.0ms | Allocations: 5532)


Started POST "/users/sign_in" for ::1 at 2021-12-06 16:15:21 +0530
Processing by Devise::SessionsController#create as HTML
  Parameters: {"authenticity_token"=>"[FILTERED]", "user"=>{"email"=>"", "password"=>"[FILTERED]", "remember_me"=>"0"}, "commit"=>"Log in"}
Completed 401 Unauthorized in 2ms (ActiveRecord: 0.0ms | Allocations: 392)


Processing by Devise::SessionsController#new as HTML
  Parameters: {"authenticity_token"=>"[FILTERED]", "user"=>{"email"=>"", "password"=>"[FILTERED]", "remember_me"=>"0"}, "commit"=>"Log in"}
  Rendering layout layouts/application.html.erb
  Rendering devise/sessions/new.html.erb within layouts/application
  Rendered devise/shared/_links.html.erb (Duration: 0.7ms | Allocations: 153)
  Rendered devise/sessions/new.html.erb within layouts/application (Duration: 5.0ms | Allocations: 1012)
[Webpacker] Everything's up-to-date. Nothing to do
  Rendered layout layouts/application.html.erb (Duration: 12.8ms | Allocations: 3822)
Completed 200 OK in 17ms (Views: 14.5ms | ActiveRecord: 0.0ms | Allocations: 4422)


Started GET "/users/password/new" for ::1 at 2021-12-06 16:15:31 +0530
Processing by Devise::PasswordsController#new as HTML
  Rendering layout layouts/application.html.erb
  Rendering devise/passwords/new.html.erb within layouts/application
  Rendered devise/shared/_error_messages.html.erb (Duration: 0.1ms | Allocations: 44)
  Rendered devise/shared/_links.html.erb (Duration: 0.2ms | Allocations: 165)
  Rendered devise/passwords/new.html.erb within layouts/application (Duration: 2.2ms | Allocations: 1060)
[Webpacker] Everything's up-to-date. Nothing to do
  Rendered layout layouts/application.html.erb (Duration: 5.3ms | Allocations: 3866)
Completed 200 OK in 7ms (Views: 6.3ms | ActiveRecord: 0.0ms | Allocations: 5167)


Started POST "/users/password" for ::1 at 2021-12-06 16:15:33 +0530
Processing by Devise::PasswordsController#create as HTML
  Parameters: {"authenticity_token"=>"[FILTERED]", "user"=>{"email"=>""}, "commit"=>"Send me reset password instructions"}
  Rendering layout layouts/application.html.erb
  Rendering devise/passwords/new.html.erb within layouts/application
  Rendered devise/shared/_error_messages.html.erb (Duration: 3.6ms | Allocations: 462)
  Rendered devise/shared/_links.html.erb (Duration: 0.6ms | Allocations: 150)
  Rendered devise/passwords/new.html.erb within layouts/application (Duration: 9.3ms | Allocations: 1655)
[Webpacker] Everything's up-to-date. Nothing to do
  Rendered layout layouts/application.html.erb (Duration: 15.5ms | Allocations: 4392)
Completed 200 OK in 24ms (Views: 16.7ms | ActiveRecord: 0.0ms | Allocations: 6205)


Started GET "/users/password" for ::1 at 2021-12-06 16:25:31 +0530
  
ActionController::RoutingError (No route matches [GET] "/users/password"):
  
Started GET "/users/sign_up" for ::1 at 2021-12-06 16:25:37 +0530
Processing by Devise::RegistrationsController#new as HTML
  Rendering layout layouts/application.html.erb
  Rendering devise/registrations/new.html.erb within layouts/application
  Rendered devise/shared/_error_messages.html.erb (Duration: 0.3ms | Allocations: 213)
  Rendered devise/shared/_links.html.erb (Duration: 0.4ms | Allocations: 496)
  Rendered devise/registrations/new.html.erb within layouts/application (Duration: 2.7ms | Allocations: 2355)
[Webpacker] Everything's up-to-date. Nothing to do
  Rendered layout layouts/application.html.erb (Duration: 5.3ms | Allocations: 5390)
Completed 200 OK in 33ms (Views: 20.0ms | ActiveRecord: 5.5ms | Allocations: 13802)


Started POST "/users" for ::1 at 2021-12-06 16:25:40 +0530
Processing by Devise::RegistrationsController#create as HTML
  Parameters: {"authenticity_token"=>"[FILTERED]", "user"=>{"email"=>"", "password"=>"[FILTERED]", "password_confirmation"=>"[FILTERED]"}, "commit"=>"Sign up"}
  Rendering layout layouts/application.html.erb
  Rendering devise/registrations/new.html.erb within layouts/application
  Rendered devise/shared/_error_messages.html.erb (Duration: 0.8ms | Allocations: 828)
  Rendered devise/shared/_links.html.erb (Duration: 0.1ms | Allocations: 105)
  Rendered devise/registrations/new.html.erb within layouts/application (Duration: 2.8ms | Allocations: 2855)
[Webpacker] Everything's up-to-date. Nothing to do
  Rendered layout layouts/application.html.erb (Duration: 5.6ms | Allocations: 5592)
Completed 200 OK in 9ms (Views: 5.9ms | ActiveRecord: 0.0ms | Allocations: 8723)


Started GET "/users/sign_up" for ::1 at 2021-12-06 16:26:07 +0530
Processing by Devise::RegistrationsController#new as HTML
  Rendering layout layouts/application.html.erb
  Rendering devise/registrations/new.html.erb within layouts/application
  Rendered devise/shared/_error_messages.html.erb (Duration: 0.2ms | Allocations: 45)
  Rendered devise/shared/_links.html.erb (Duration: 0.2ms | Allocations: 123)
  Rendered devise/registrations/new.html.erb within layouts/application (Duration: 2.1ms | Allocations: 1223)
[Webpacker] Everything's up-to-date. Nothing to do
  Rendered layout layouts/application.html.erb (Duration: 5.7ms | Allocations: 4043)
Completed 200 OK in 15ms (Views: 6.4ms | ActiveRecord: 3.4ms | Allocations: 9215)


Started GET "/users/sign_up" for ::1 at 2021-12-06 16:26:08 +0530
Processing by Devise::RegistrationsController#new as HTML
  Rendering layout layouts/application.html.erb
  Rendering devise/registrations/new.html.erb within layouts/application
  Rendered devise/shared/_error_messages.html.erb (Duration: 0.0ms | Allocations: 43)
  Rendered devise/shared/_links.html.erb (Duration: 0.1ms | Allocations: 105)
  Rendered devise/registrations/new.html.erb within layouts/application (Duration: 1.1ms | Allocations: 1077)
[Webpacker] Everything's up-to-date. Nothing to do
  Rendered layout layouts/application.html.erb (Duration: 3.5ms | Allocations: 3875)
Completed 200 OK in 5ms (Views: 3.9ms | ActiveRecord: 0.0ms | Allocations: 4471)


Started POST "/users" for ::1 at 2021-12-06 16:26:10 +0530
Processing by Devise::RegistrationsController#create as HTML
  Parameters: {"authenticity_token"=>"[FILTERED]", "user"=>{"email"=>"", "password"=>"[FILTERED]", "password_confirmation"=>"[FILTERED]"}, "commit"=>"Sign up"}
  Rendering layout layouts/application.html.erb
  Rendering devise/registrations/new.html.erb within layouts/application
  Rendered devise/shared/_error_messages.html.erb (Duration: 3.2ms | Allocations: 827)
  Rendered devise/shared/_links.html.erb (Duration: 0.3ms | Allocations: 105)
  Rendered devise/registrations/new.html.erb within layouts/application (Duration: 8.4ms | Allocations: 2854)
[Webpacker] Everything's up-to-date. Nothing to do
  Rendered layout layouts/application.html.erb (Duration: 13.1ms | Allocations: 5598)
Completed 200 OK in 31ms (Views: 13.8ms | ActiveRecord: 0.0ms | Allocations: 7747)


Started GET "/users" for ::1 at 2021-12-06 16:57:04 +0530
  
ActionController::RoutingError (No route matches [GET] "/users"):
  
Started GET "/users/sign_up" for ::1 at 2021-12-06 16:57:10 +0530
Processing by Devise::RegistrationsController#new as HTML
  Rendering layout layouts/application.html.erb
  Rendering devise/registrations/new.html.erb within layouts/application
  Rendered devise/shared/_error_messages.html.erb (Duration: 0.2ms | Allocations: 130)
  Rendered devise/shared/_links.html.erb (Duration: 0.6ms | Allocations: 496)
  Rendered devise/registrations/new.html.erb within layouts/application (Duration: 2.7ms | Allocations: 2269)
[Webpacker] Everything's up-to-date. Nothing to do
  Rendered layout layouts/application.html.erb (Duration: 5.5ms | Allocations: 5304)
Completed 200 OK in 20ms (Views: 6.9ms | ActiveRecord: 4.9ms | Allocations: 13710)


Started POST "/users" for ::1 at 2021-12-06 16:57:12 +0530
Processing by Devise::RegistrationsController#create as HTML
  Parameters: {"authenticity_token"=>"[FILTERED]", "user"=>{"email"=>"", "password"=>"[FILTERED]", "password_confirmation"=>"[FILTERED]"}, "commit"=>"Sign up"}
  Rendering layout layouts/application.html.erb
  Rendering devise/registrations/new.html.erb within layouts/application
  Rendered devise/shared/_error_messages.html.erb (Duration: 1.8ms | Allocations: 859)
  Rendered devise/shared/_links.html.erb (Duration: 0.2ms | Allocations: 105)
  Rendered devise/registrations/new.html.erb within layouts/application (Duration: 6.3ms | Allocations: 2885)
[Webpacker] Everything's up-to-date. Nothing to do
  Rendered layout layouts/application.html.erb (Duration: 11.1ms | Allocations: 5629)
Completed 200 OK in 27ms (Views: 12.1ms | ActiveRecord: 0.0ms | Allocations: 8762)


Started POST "/users" for ::1 at 2021-12-06 16:58:50 +0530
Processing by Devise::RegistrationsController#create as HTML
  Parameters: {"authenticity_token"=>"[FILTERED]", "user"=>{"email"=>"test@user.com", "password"=>"[FILTERED]", "password_confirmation"=>"[FILTERED]"}, "commit"=>"Sign up"}
  [1m[36mTRANSACTION (1.3ms)[0m  [1m[35mBEGIN[0m
  [1m[36mUser Exists? (1.8ms)[0m  [1m[34mSELECT 1 AS one FROM "users" WHERE "users"."email" = $1 LIMIT $2[0m  [["email", "test@user.com"], ["LIMIT", 1]]
  [1m[36mTRANSACTION (0.8ms)[0m  [1m[31mROLLBACK[0m
  Rendering layout layouts/application.html.erb
  Rendering devise/registrations/new.html.erb within layouts/application
  Rendered devise/shared/_error_messages.html.erb (Duration: 0.9ms | Allocations: 485)
  Rendered devise/shared/_links.html.erb (Duration: 0.2ms | Allocations: 105)
  Rendered devise/registrations/new.html.erb within layouts/application (Duration: 4.0ms | Allocations: 2009)
[Webpacker] Everything's up-to-date. Nothing to do
  Rendered layout layouts/application.html.erb (Duration: 6.7ms | Allocations: 4745)
Completed 200 OK in 34ms (Views: 7.1ms | ActiveRecord: 3.9ms | Allocations: 12641)


Started POST "/users" for ::1 at 2021-12-06 16:58:58 +0530
Processing by Devise::RegistrationsController#create as HTML
  Parameters: {"authenticity_token"=>"[FILTERED]", "user"=>{"email"=>"test@user.com", "password"=>"[FILTERED]", "password_confirmation"=>"[FILTERED]"}, "commit"=>"Sign up"}
  [1m[36mTRANSACTION (0.5ms)[0m  [1m[35mBEGIN[0m
  [1m[36mUser Exists? (0.5ms)[0m  [1m[34mSELECT 1 AS one FROM "users" WHERE "users"."email" = $1 LIMIT $2[0m  [["email", "test@user.com"], ["LIMIT", 1]]
  [1m[36mTRANSACTION (0.3ms)[0m  [1m[31mROLLBACK[0m
  Rendering layout layouts/application.html.erb
  Rendering devise/registrations/new.html.erb within layouts/application
  Rendered devise/shared/_error_messages.html.erb (Duration: 0.6ms | Allocations: 574)
  Rendered devise/shared/_links.html.erb (Duration: 0.1ms | Allocations: 105)
  Rendered devise/registrations/new.html.erb within layouts/application (Duration: 2.2ms | Allocations: 2128)
[Webpacker] Everything's up-to-date. Nothing to do
  Rendered layout layouts/application.html.erb (Duration: 5.0ms | Allocations: 4864)
Completed 200 OK in 187ms (Views: 5.4ms | ActiveRecord: 1.3ms | Allocations: 11036)


Started GET "/users/sign_in" for ::1 at 2021-12-06 16:59:26 +0530
Processing by Devise::SessionsController#new as HTML
  Rendering layout layouts/application.html.erb
  Rendering devise/sessions/new.html.erb within layouts/application
  Rendered devise/shared/_links.html.erb (Duration: 0.2ms | Allocations: 175)
  Rendered devise/sessions/new.html.erb within layouts/application (Duration: 1.8ms | Allocations: 1396)
[Webpacker] Everything's up-to-date. Nothing to do
  Rendered layout layouts/application.html.erb (Duration: 4.9ms | Allocations: 4216)
Completed 200 OK in 7ms (Views: 6.2ms | ActiveRecord: 0.0ms | Allocations: 5628)


Started POST "/users/sign_in" for ::1 at 2021-12-06 16:59:27 +0530
Processing by Devise::SessionsController#create as HTML
  Parameters: {"authenticity_token"=>"[FILTERED]", "user"=>{"email"=>"", "password"=>"[FILTERED]", "remember_me"=>"0"}, "commit"=>"Log in"}
Completed 401 Unauthorized in 2ms (ActiveRecord: 0.0ms | Allocations: 404)


Processing by Devise::SessionsController#new as HTML
  Parameters: {"authenticity_token"=>"[FILTERED]", "user"=>{"email"=>"", "password"=>"[FILTERED]", "remember_me"=>"0"}, "commit"=>"Log in"}
  Rendering layout layouts/application.html.erb
  Rendering devise/sessions/new.html.erb within layouts/application
  Rendered devise/shared/_links.html.erb (Duration: 0.7ms | Allocations: 153)
  Rendered devise/sessions/new.html.erb within layouts/application (Duration: 4.4ms | Allocations: 1011)
[Webpacker] Everything's up-to-date. Nothing to do
  Rendered layout layouts/application.html.erb (Duration: 8.0ms | Allocations: 3817)
Completed 200 OK in 10ms (Views: 8.7ms | ActiveRecord: 0.0ms | Allocations: 4417)


Started GET "/users/password/new" for ::1 at 2021-12-06 17:00:34 +0530
Processing by Devise::PasswordsController#new as HTML
  Rendering layout layouts/application.html.erb
  Rendering devise/passwords/new.html.erb within layouts/application
  Rendered devise/shared/_error_messages.html.erb (Duration: 0.1ms | Allocations: 52)
  Rendered devise/shared/_links.html.erb (Duration: 0.3ms | Allocations: 165)
  Rendered devise/passwords/new.html.erb within layouts/application (Duration: 2.4ms | Allocations: 1036)
[Webpacker] Everything's up-to-date. Nothing to do
  Rendered layout layouts/application.html.erb (Duration: 5.6ms | Allocations: 3842)
Completed 200 OK in 7ms (Views: 6.8ms | ActiveRecord: 0.0ms | Allocations: 5132)


Started POST "/users/password" for ::1 at 2021-12-06 17:00:35 +0530
Processing by Devise::PasswordsController#create as HTML
  Parameters: {"authenticity_token"=>"[FILTERED]", "user"=>{"email"=>""}, "commit"=>"Send me reset password instructions"}
  Rendering layout layouts/application.html.erb
  Rendering devise/passwords/new.html.erb within layouts/application
  Rendered devise/shared/_error_messages.html.erb (Duration: 2.6ms | Allocations: 487)
  Rendered devise/shared/_links.html.erb (Duration: 0.8ms | Allocations: 150)
  Rendered devise/passwords/new.html.erb within layouts/application (Duration: 9.8ms | Allocations: 1679)
[Webpacker] Everything's up-to-date. Nothing to do
  Rendered layout layouts/application.html.erb (Duration: 20.8ms | Allocations: 4424)
Completed 200 OK in 28ms (Views: 22.0ms | ActiveRecord: 0.0ms | Allocations: 6050)


Started GET "/users/sign_in" for ::1 at 2021-12-06 17:01:22 +0530
Processing by Devise::SessionsController#new as HTML
  Rendering layout layouts/application.html.erb
  Rendering devise/sessions/new.html.erb within layouts/application
  Rendered devise/shared/_links.html.erb (Duration: 0.8ms | Allocations: 534)
  Rendered devise/sessions/new.html.erb within layouts/application (Duration: 2.5ms | Allocations: 1879)
[Webpacker] Everything's up-to-date. Nothing to do
  Rendered layout layouts/application.html.erb (Duration: 6.1ms | Allocations: 4954)
Completed 200 OK in 9ms (Views: 7.9ms | ActiveRecord: 0.0ms | Allocations: 6829)


Started POST "/users/sign_in" for ::1 at 2021-12-06 17:01:26 +0530
Processing by Devise::SessionsController#create as HTML
  Parameters: {"authenticity_token"=>"[FILTERED]", "user"=>{"email"=>"test@user.com", "password"=>"[FILTERED]", "remember_me"=>"0"}, "commit"=>"Log in"}
Completed 401 Unauthorized in 1ms (ActiveRecord: 0.0ms | Allocations: 410)


Processing by Devise::SessionsController#new as HTML
  Parameters: {"authenticity_token"=>"[FILTERED]", "user"=>{"email"=>"test@user.com", "password"=>"[FILTERED]", "remember_me"=>"0"}, "commit"=>"Log in"}
  Rendering layout layouts/application.html.erb
  Rendering devise/sessions/new.html.erb within layouts/application
  Rendered devise/shared/_links.html.erb (Duration: 0.4ms | Allocations: 153)
  Rendered devise/sessions/new.html.erb within layouts/application (Duration: 3.2ms | Allocations: 1012)
[Webpacker] Everything's up-to-date. Nothing to do
  Rendered layout layouts/application.html.erb (Duration: 9.4ms | Allocations: 3819)
Completed 200 OK in 11ms (Views: 10.2ms | ActiveRecord: 0.0ms | Allocations: 4419)


Started POST "/users/sign_in" for ::1 at 2021-12-06 17:03:30 +0530
Processing by Devise::SessionsController#create as HTML
  Parameters: {"authenticity_token"=>"[FILTERED]", "user"=>{"email"=>"test@user.com", "password"=>"[FILTERED]", "remember_me"=>"0"}, "commit"=>"Log in"}
  [1m[36mUser Load (0.5ms)[0m  [1m[34mSELECT "users".* FROM "users" WHERE "users"."email" = $1 ORDER BY "users"."id" ASC LIMIT $2[0m  [["email", "test@user.com"], ["LIMIT", 1]]
Completed 401 Unauthorized in 4ms (ActiveRecord: 1.0ms | Allocations: 2045)


Processing by Devise::SessionsController#new as HTML
  Parameters: {"authenticity_token"=>"[FILTERED]", "user"=>{"email"=>"test@user.com", "password"=>"[FILTERED]", "remember_me"=>"0"}, "commit"=>"Log in"}
  Rendering layout layouts/application.html.erb
  Rendering devise/sessions/new.html.erb within layouts/application
  Rendered devise/shared/_links.html.erb (Duration: 0.4ms | Allocations: 534)
  Rendered devise/sessions/new.html.erb within layouts/application (Duration: 1.7ms | Allocations: 1868)
[Webpacker] Everything's up-to-date. Nothing to do
  Rendered layout layouts/application.html.erb (Duration: 4.2ms | Allocations: 4943)
Completed 200 OK in 167ms (Views: 5.7ms | ActiveRecord: 0.0ms | Allocations: 6746)


Started GET "/users/sign_up" for ::1 at 2021-12-06 17:03:37 +0530
Processing by Devise::RegistrationsController#new as HTML
  Rendering layout layouts/application.html.erb
  Rendering devise/registrations/new.html.erb within layouts/application
  Rendered devise/shared/_error_messages.html.erb (Duration: 0.3ms | Allocations: 129)
  Rendered devise/shared/_links.html.erb (Duration: 0.2ms | Allocations: 113)
  Rendered devise/registrations/new.html.erb within layouts/application (Duration: 2.4ms | Allocations: 1783)
[Webpacker] Everything's up-to-date. Nothing to do
  Rendered layout layouts/application.html.erb (Duration: 5.6ms | Allocations: 4647)
Completed 200 OK in 8ms (Views: 7.6ms | ActiveRecord: 0.0ms | Allocations: 6455)


Started POST "/users" for ::1 at 2021-12-06 17:03:54 +0530
Processing by Devise::RegistrationsController#create as HTML
  Parameters: {"authenticity_token"=>"[FILTERED]", "user"=>{"email"=>"test2@user.com", "password"=>"[FILTERED]", "password_confirmation"=>"[FILTERED]"}, "commit"=>"Sign up"}
  [1m[36mTRANSACTION (0.4ms)[0m  [1m[35mBEGIN[0m
  [1m[36mUser Exists? (0.6ms)[0m  [1m[34mSELECT 1 AS one FROM "users" WHERE "users"."email" = $1 LIMIT $2[0m  [["email", "test2@user.com"], ["LIMIT", 1]]
  [1m[36mTRANSACTION (0.4ms)[0m  [1m[31mROLLBACK[0m
  Rendering layout layouts/application.html.erb
  Rendering devise/registrations/new.html.erb within layouts/application
  Rendered devise/shared/_error_messages.html.erb (Duration: 0.6ms | Allocations: 549)
  Rendered devise/shared/_links.html.erb (Duration: 0.1ms | Allocations: 105)
  Rendered devise/registrations/new.html.erb within layouts/application (Duration: 2.5ms | Allocations: 2087)
[Webpacker] Everything's up-to-date. Nothing to do
  Rendered layout layouts/application.html.erb (Duration: 5.1ms | Allocations: 4823)
Completed 200 OK in 181ms (Views: 5.5ms | ActiveRecord: 1.4ms | Allocations: 10937)


Started POST "/users" for ::1 at 2021-12-06 17:04:09 +0530
Processing by Devise::RegistrationsController#create as HTML
  Parameters: {"authenticity_token"=>"[FILTERED]", "user"=>{"email"=>"test22@user.com", "password"=>"[FILTERED]", "password_confirmation"=>"[FILTERED]"}, "commit"=>"Sign up"}
  [1m[36mTRANSACTION (0.5ms)[0m  [1m[35mBEGIN[0m
  [1m[36mUser Exists? (0.5ms)[0m  [1m[34mSELECT 1 AS one FROM "users" WHERE "users"."email" = $1 LIMIT $2[0m  [["email", "test22@user.com"], ["LIMIT", 1]]
  [1m[36mUser Create (0.6ms)[0m  [1m[32mINSERT INTO "users" ("email", "encrypted_password", "created_at", "updated_at") VALUES ($1, $2, $3, $4) RETURNING "id"[0m  [["email", "test22@user.com"], ["encrypted_password", "$2a$12$yWj4z.Oe8TSsf2O4UFLrTuLnNtRCHRkx4MnZoDm9cDSK1mRhAfJLe"], ["created_at", "2021-12-06 11:34:09.841643"], ["updated_at", "2021-12-06 11:34:09.841643"]]
  [1m[36mTRANSACTION (31.8ms)[0m  [1m[35mCOMMIT[0m
Redirected to http://localhost:3000/
Completed 302 Found in 209ms (ActiveRecord: 33.4ms | Allocations: 6229)


Started GET "/" for ::1 at 2021-12-06 17:04:09 +0530
Processing by Rails::WelcomeController#index as HTML
  Rendering /home/lotvue29/.rvm/gems/ruby-3.0.0/gems/railties-6.1.4.1/lib/rails/templates/rails/welcome/index.html.erb
  Rendered /home/lotvue29/.rvm/gems/ruby-3.0.0/gems/railties-6.1.4.1/lib/rails/templates/rails/welcome/index.html.erb (Duration: 3.1ms | Allocations: 222)
Completed 200 OK in 4ms (Views: 3.6ms | ActiveRecord: 0.0ms | Allocations: 1095)


Started GET "/users/sign_in" for ::1 at 2021-12-06 17:04:20 +0530
Processing by Devise::SessionsController#new as HTML
  [1m[36mUser Load (0.6ms)[0m  [1m[34mSELECT "users".* FROM "users" WHERE "users"."id" = $1 ORDER BY "users"."id" ASC LIMIT $2[0m  [["id", 1], ["LIMIT", 1]]
Redirected to http://localhost:3000/
Filter chain halted as :require_no_authentication rendered or redirected
Completed 302 Found in 7ms (ActiveRecord: 0.6ms | Allocations: 2760)


Started GET "/" for ::1 at 2021-12-06 17:04:20 +0530
Processing by Rails::WelcomeController#index as HTML
  Rendering /home/lotvue29/.rvm/gems/ruby-3.0.0/gems/railties-6.1.4.1/lib/rails/templates/rails/welcome/index.html.erb
  Rendered /home/lotvue29/.rvm/gems/ruby-3.0.0/gems/railties-6.1.4.1/lib/rails/templates/rails/welcome/index.html.erb (Duration: 3.0ms | Allocations: 223)
Completed 200 OK in 4ms (Views: 3.7ms | ActiveRecord: 0.0ms | Allocations: 1015)


Started GET "/users/sign_up" for ::1 at 2021-12-06 17:06:24 +0530
Processing by Devise::RegistrationsController#new as HTML
  Rendering layout layouts/application.html.erb
  Rendering devise/registrations/new.html.erb within layouts/application
  Rendered devise/shared/_error_messages.html.erb (Duration: 0.2ms | Allocations: 129)
  Rendered devise/shared/_links.html.erb (Duration: 0.5ms | Allocations: 486)
  Rendered devise/registrations/new.html.erb within layouts/application (Duration: 3.0ms | Allocations: 2198)
[Webpacker] Everything's up-to-date. Nothing to do
  Rendered layout layouts/application.html.erb (Duration: 7.0ms | Allocations: 5279)
Completed 200 OK in 10ms (Views: 8.9ms | ActiveRecord: 0.0ms | Allocations: 7023)


Started GET "/users/sign_in" for ::1 at 2021-12-06 17:06:27 +0530
Processing by Devise::SessionsController#new as HTML
  Rendering layout layouts/application.html.erb
  Rendering devise/sessions/new.html.erb within layouts/application
  Rendered devise/shared/_links.html.erb (Duration: 0.3ms | Allocations: 161)
  Rendered devise/sessions/new.html.erb within layouts/application (Duration: 2.1ms | Allocations: 1374)
[Webpacker] Everything's up-to-date. Nothing to do
  Rendered layout layouts/application.html.erb (Duration: 4.9ms | Allocations: 4234)
Completed 200 OK in 7ms (Views: 6.3ms | ActiveRecord: 0.0ms | Allocations: 5599)


Started GET "/users/sign_in" for ::1 at 2021-12-06 17:07:11 +0530
Processing by Devise::SessionsController#new as HTML
  Rendering layout layouts/application.html.erb
  Rendering devise/sessions/new.html.erb within layouts/application
  Rendered devise/shared/_links.html.erb (Duration: 0.5ms | Allocations: 534)
  Rendered devise/sessions/new.html.erb within layouts/application (Duration: 1.9ms | Allocations: 1876)
[Webpacker] Everything's up-to-date. Nothing to do
  Rendered layout layouts/application.html.erb (Duration: 4.2ms | Allocations: 4984)
Completed 200 OK in 6ms (Views: 5.7ms | ActiveRecord: 0.0ms | Allocations: 6843)


Started POST "/users/sign_in" for ::1 at 2021-12-06 17:07:17 +0530
Processing by Devise::SessionsController#create as HTML
  Parameters: {"authenticity_token"=>"[FILTERED]", "user"=>{"email"=>"", "password"=>"[FILTERED]", "remember_me"=>"0"}, "commit"=>"Log in"}
Completed 401 Unauthorized in 1ms (ActiveRecord: 0.0ms | Allocations: 373)


Processing by Devise::SessionsController#new as HTML
  Parameters: {"authenticity_token"=>"[FILTERED]", "user"=>{"email"=>"", "password"=>"[FILTERED]", "remember_me"=>"0"}, "commit"=>"Log in"}
  Rendering layout layouts/application.html.erb
  Rendering devise/sessions/new.html.erb within layouts/application
  Rendered devise/shared/_links.html.erb (Duration: 0.4ms | Allocations: 153)
  Rendered devise/sessions/new.html.erb within layouts/application (Duration: 2.8ms | Allocations: 1013)
[Webpacker] Everything's up-to-date. Nothing to do
  Rendered layout layouts/application.html.erb (Duration: 7.3ms | Allocations: 3822)
Completed 200 OK in 9ms (Views: 7.9ms | ActiveRecord: 0.0ms | Allocations: 4403)


Started GET "/users/sign_in" for ::1 at 2021-12-06 17:07:27 +0530
Processing by Devise::SessionsController#new as HTML
  Rendering layout layouts/application.html.erb
  Rendering devise/sessions/new.html.erb within layouts/application
  Rendered devise/shared/_links.html.erb (Duration: 0.5ms | Allocations: 534)
  Rendered devise/sessions/new.html.erb within layouts/application (Duration: 2.2ms | Allocations: 1877)
[Webpacker] Everything's up-to-date. Nothing to do
  Rendered layout layouts/application.html.erb (Duration: 6.9ms | Allocations: 4984)
Completed 200 OK in 9ms (Views: 8.4ms | ActiveRecord: 0.0ms | Allocations: 6844)


Started POST "/users/sign_in" for ::1 at 2021-12-06 17:07:28 +0530
Processing by Devise::SessionsController#create as HTML
  Parameters: {"authenticity_token"=>"[FILTERED]", "user"=>{"email"=>"", "password"=>"[FILTERED]", "remember_me"=>"0"}, "commit"=>"Log in"}
Completed 401 Unauthorized in 2ms (ActiveRecord: 0.0ms | Allocations: 373)


Processing by Devise::SessionsController#new as HTML
  Parameters: {"authenticity_token"=>"[FILTERED]", "user"=>{"email"=>"", "password"=>"[FILTERED]", "remember_me"=>"0"}, "commit"=>"Log in"}
  Rendering layout layouts/application.html.erb
  Rendering devise/sessions/new.html.erb within layouts/application
  Rendered devise/shared/_links.html.erb (Duration: 0.5ms | Allocations: 153)
  Rendered devise/sessions/new.html.erb within layouts/application (Duration: 3.9ms | Allocations: 1013)
[Webpacker] Everything's up-to-date. Nothing to do
  Rendered layout layouts/application.html.erb (Duration: 9.4ms | Allocations: 3822)
Completed 200 OK in 13ms (Views: 10.6ms | ActiveRecord: 0.0ms | Allocations: 4406)


Started GET "/users/sign_in" for ::1 at 2021-12-06 17:08:47 +0530
  [1m[35m (0.5ms)[0m  [1m[34mSELECT "schema_migrations"."version" FROM "schema_migrations" ORDER BY "schema_migrations"."version" ASC[0m
Processing by Devise::SessionsController#new as HTML
  Rendering layout layouts/application.html.erb
  Rendering devise/sessions/new.html.erb within layouts/application
  Rendered devise/shared/_links.html.erb (Duration: 0.7ms | Allocations: 648)
  Rendered devise/sessions/new.html.erb within layouts/application (Duration: 10.5ms | Allocations: 8726)
[Webpacker] Compiling...
[Webpacker] Compiled all packs in /home/lotvue29/projects/rails_6_bootstrap_5_devise/public/packs
[Webpacker] Hash: ab1cae24b36bcc258f59
Version: webpack 4.46.0
Time: 6551ms
Built at: 06/12/2021 5:08:56 pm
                                     Asset       Size       Chunks                         Chunk Names
    js/application-f49dbc819eaf717f39b0.js   1.57 MiB  application  [emitted] [immutable]  application
js/application-f49dbc819eaf717f39b0.js.map   1.65 MiB  application  [emitted] [dev]        application
                             manifest.json  364 bytes               [emitted]              
Entrypoint application = js/application-f49dbc819eaf717f39b0.js js/application-f49dbc819eaf717f39b0.js.map
[./app/javascript/channels sync recursive _channel\.js$] ./app/javascript/channels sync _channel\.js$ 160 bytes {application} [built]
[./app/javascript/channels/index.js] 211 bytes {application} [built]
[./app/javascript/packs/application.js] 645 bytes {application} [built]
[./app/javascript/stylesheets/application.scss] 664 bytes {application} [built]
[./node_modules/css-loader/dist/cjs.js?!./node_modules/postcss-loader/src/index.js?!./node_modules/sass-loader/dist/cjs.js?!./app/javascript/stylesheets/application.scss] ./node_modules/css-loader/dist/cjs.js??ref--6-1!./node_modules/postcss-loader/src??ref--6-2!./node_modules/sass-loader/dist/cjs.js??ref--6-3!./app/javascript/stylesheets/application.scss 744 KiB {application} [built]
[./node_modules/webpack/buildin/global.js] (webpack)/buildin/global.js 905 bytes {application} [built]
[./node_modules/webpack/buildin/module.js] (webpack)/buildin/module.js 552 bytes {application} [built]
    + 66 hidden modules

  Rendered layout layouts/application.html.erb (Duration: 8082.5ms | Allocations: 19602)
Completed 200 OK in 8100ms (Views: 8086.0ms | ActiveRecord: 2.7ms | Allocations: 32459)


Started GET "/users/sign_up" for ::1 at 2021-12-06 17:09:33 +0530
Processing by Devise::RegistrationsController#new as HTML
  Rendering layout layouts/application.html.erb
  Rendering devise/registrations/new.html.erb within layouts/application
  Rendered devise/shared/_error_messages.html.erb (Duration: 0.2ms | Allocations: 131)
  Rendered devise/shared/_links.html.erb (Duration: 0.3ms | Allocations: 153)
  Rendered devise/registrations/new.html.erb within layouts/application (Duration: 3.0ms | Allocations: 1795)
[Webpacker] Everything's up-to-date. Nothing to do
  Rendered layout layouts/application.html.erb (Duration: 6.1ms | Allocations: 4631)
Completed 200 OK in 8ms (Views: 7.2ms | ActiveRecord: 0.0ms | Allocations: 5993)


